<?xml version="1.0" encoding="UTF-8"?>
<!-- Generated by org.testng.reporters.JUnitReportReporter -->
<testsuite hostname="DESKTOP-8923KN6" failures="0" tests="1" name="Parameters" time="0.004" errors="0" timestamp="2023-04-27T01:17:34 AST" skipped="0">
  <testcase classname="Parameters" name="myTest" time="0.004"/>
  <system-out/>
</testsuite> <!-- Parameters -->
